2026-05-27 INFO User login successful
2026-05-27 ERROR Database connection failed
2026-05-27 WARNING High CPU usage
2026-05-27 INFO File uploaded
2026-05-27 ERROR Payment API timeout
2026-05-27 INFO User logout
2026-05-27 INFO User login successful
2026-05-27 ERROR Database connection failed
2026-05-27 WARNING High CPU usage
2026-05-27 INFO File uploaded
2026-05-27 ERROR Payment API timeout
2026-05-27 INFO User logout
2026-05-27 INFO User login successful
2026-05-27 ERROR Database connection failed
2026-05-27 WARNING High CPU usage
2026-05-27 INFO File uploaded
2026-05-27 ERROR Payment API timeout
2026-05-27 INFO User logout
2026-05-27 INFO User login successful
2026-05-27 ERROR Database connection failed
2026-05-27 WARNING High CPU usage
2026-05-27 INFO File uploaded
2026-05-27 ERROR Payment API timeout
2026-05-27 INFO User logout
2026-05-27 INFO User login successful
2026-05-27 ERROR Database connection failed
2026-05-27 WARNING High CPU usage
2026-05-27 INFO File uploaded
2026-05-27 ERROR Payment API timeout
2026-05-27 INFO User logout
